<?xml version="1.0" encoding="UTF-8"?>
<testng-results ignored="0" total="11" passed="11" failed="0" skipped="0">
  <reporter-output>
  </reporter-output>
  <suite started-at="2025-09-08T03:49:48 IST" name="Cucumber BDD Suite" finished-at="2025-09-08T03:51:01 IST" duration-ms="72580">
    <groups>
      <group name="cucumber">
        <method signature="AbstractTestNGCucumberTests.runScenario(io.cucumber.testng.PickleWrapper,io.cucumber.testng.FeatureWrapper)[pri:0, instance:runners.TestRunner@66982506]" name="runScenario" class="io.cucumber.testng.AbstractTestNGCucumberTests"/>
      </group> <!-- cucumber -->
    </groups>
    <test started-at="2025-09-08T03:49:48 IST" name="Run Basic Feature" finished-at="2025-09-08T03:51:01 IST" duration-ms="72580">
      <class name="runners.TestRunner">
        <test-method is-config="true" signature="setUpClass(org.testng.ITestContext)[pri:0, instance:runners.TestRunner@66982506]" started-at="2025-09-08T03:49:48 IST" name="setUpClass" finished-at="2025-09-08T03:49:50 IST" duration-ms="1320" status="PASS">
          <params>
            <param index="0">
              <value>
                <![CDATA[org.testng.TestRunner@70716259]]>
              </value>
            </param>
          </params>
          <reporter-output>
          </reporter-output>
        </test-method> <!-- setUpClass -->
        <test-method signature="runScenario(io.cucumber.testng.PickleWrapper,io.cucumber.testng.FeatureWrapper)[pri:0, instance:runners.TestRunner@66982506]" started-at="2025-09-08T03:49:50 IST" name="runScenario" description="Runs Cucumber Scenarios" data-provider="scenarios" finished-at="2025-09-08T03:50:00 IST" duration-ms="10170" status="PASS">
          <params>
            <param index="0">
              <value>
                <![CDATA["Open SauceDemo homepage"]]>
              </value>
            </param>
            <param index="1">
              <value>
                <![CDATA["Basic browser test"]]>
              </value>
            </param>
          </params>
          <reporter-output>
          </reporter-output>
        </test-method> <!-- runScenario -->
        <test-method signature="runScenario(io.cucumber.testng.PickleWrapper,io.cucumber.testng.FeatureWrapper)[pri:0, instance:runners.TestRunner@66982506]" started-at="2025-09-08T03:50:00 IST" name="runScenario" description="Runs Cucumber Scenarios" data-provider="scenarios" finished-at="2025-09-08T03:50:07 IST" duration-ms="6990" status="PASS">
          <params>
            <param index="0">
              <value>
                <![CDATA["Add single item to cart"]]>
              </value>
            </param>
            <param index="1">
              <value>
                <![CDATA["Cart basic"]]>
              </value>
            </param>
          </params>
          <reporter-output>
          </reporter-output>
        </test-method> <!-- runScenario -->
        <test-method signature="runScenario(io.cucumber.testng.PickleWrapper,io.cucumber.testng.FeatureWrapper)[pri:0, instance:runners.TestRunner@66982506]" started-at="2025-09-08T03:50:07 IST" name="runScenario" description="Runs Cucumber Scenarios" data-provider="scenarios" finished-at="2025-09-08T03:50:12 IST" duration-ms="5223" status="PASS">
          <params>
            <param index="0">
              <value>
                <![CDATA["Valid login with standard user"]]>
              </value>
            </param>
            <param index="1">
              <value>
                <![CDATA["Login functionality"]]>
              </value>
            </param>
          </params>
          <reporter-output>
          </reporter-output>
        </test-method> <!-- runScenario -->
        <test-method signature="runScenario(io.cucumber.testng.PickleWrapper,io.cucumber.testng.FeatureWrapper)[pri:0, instance:runners.TestRunner@66982506]" started-at="2025-09-08T03:50:12 IST" name="runScenario" description="Runs Cucumber Scenarios" data-provider="scenarios" finished-at="2025-09-08T03:50:18 IST" duration-ms="5373" status="PASS">
          <params>
            <param index="0">
              <value>
                <![CDATA["Invalid login - wrong password"]]>
              </value>
            </param>
            <param index="1">
              <value>
                <![CDATA["Login functionality"]]>
              </value>
            </param>
          </params>
          <reporter-output>
          </reporter-output>
        </test-method> <!-- runScenario -->
        <test-method signature="runScenario(io.cucumber.testng.PickleWrapper,io.cucumber.testng.FeatureWrapper)[pri:0, instance:runners.TestRunner@66982506]" started-at="2025-09-08T03:50:18 IST" name="runScenario" description="Runs Cucumber Scenarios" data-provider="scenarios" finished-at="2025-09-08T03:50:22 IST" duration-ms="4860" status="PASS">
          <params>
            <param index="0">
              <value>
                <![CDATA["Invalid login - wrong username"]]>
              </value>
            </param>
            <param index="1">
              <value>
                <![CDATA["Login functionality"]]>
              </value>
            </param>
          </params>
          <reporter-output>
          </reporter-output>
        </test-method> <!-- runScenario -->
        <test-method signature="runScenario(io.cucumber.testng.PickleWrapper,io.cucumber.testng.FeatureWrapper)[pri:0, instance:runners.TestRunner@66982506]" started-at="2025-09-08T03:50:22 IST" name="runScenario" description="Runs Cucumber Scenarios" data-provider="scenarios" finished-at="2025-09-08T03:50:32 IST" duration-ms="9386" status="PASS">
          <params>
            <param index="0">
              <value>
                <![CDATA["Locked out user cannot login"]]>
              </value>
            </param>
            <param index="1">
              <value>
                <![CDATA["Login functionality"]]>
              </value>
            </param>
          </params>
          <reporter-output>
          </reporter-output>
        </test-method> <!-- runScenario -->
        <test-method signature="runScenario(io.cucumber.testng.PickleWrapper,io.cucumber.testng.FeatureWrapper)[pri:0, instance:runners.TestRunner@66982506]" started-at="2025-09-08T03:50:32 IST" name="runScenario" description="Runs Cucumber Scenarios" data-provider="scenarios" finished-at="2025-09-08T03:50:37 IST" duration-ms="5085" status="PASS">
          <params>
            <param index="0">
              <value>
                <![CDATA["Username and password empty"]]>
              </value>
            </param>
            <param index="1">
              <value>
                <![CDATA["Login functionality"]]>
              </value>
            </param>
          </params>
          <reporter-output>
          </reporter-output>
        </test-method> <!-- runScenario -->
        <test-method signature="runScenario(io.cucumber.testng.PickleWrapper,io.cucumber.testng.FeatureWrapper)[pri:0, instance:runners.TestRunner@66982506]" started-at="2025-09-08T03:50:37 IST" name="runScenario" description="Runs Cucumber Scenarios" data-provider="scenarios" finished-at="2025-09-08T03:50:42 IST" duration-ms="5547" status="PASS">
          <params>
            <param index="0">
              <value>
                <![CDATA["Sort products A to Z"]]>
              </value>
            </param>
            <param index="1">
              <value>
                <![CDATA["Product sorting"]]>
              </value>
            </param>
          </params>
          <reporter-output>
          </reporter-output>
        </test-method> <!-- runScenario -->
        <test-method signature="runScenario(io.cucumber.testng.PickleWrapper,io.cucumber.testng.FeatureWrapper)[pri:0, instance:runners.TestRunner@66982506]" started-at="2025-09-08T03:50:42 IST" name="runScenario" description="Runs Cucumber Scenarios" data-provider="scenarios" finished-at="2025-09-08T03:50:48 IST" duration-ms="5569" status="PASS">
          <params>
            <param index="0">
              <value>
                <![CDATA["Sort products Z to A"]]>
              </value>
            </param>
            <param index="1">
              <value>
                <![CDATA["Product sorting"]]>
              </value>
            </param>
          </params>
          <reporter-output>
          </reporter-output>
        </test-method> <!-- runScenario -->
        <test-method signature="runScenario(io.cucumber.testng.PickleWrapper,io.cucumber.testng.FeatureWrapper)[pri:0, instance:runners.TestRunner@66982506]" started-at="2025-09-08T03:50:48 IST" name="runScenario" description="Runs Cucumber Scenarios" data-provider="scenarios" finished-at="2025-09-08T03:50:55 IST" duration-ms="6761" status="PASS">
          <params>
            <param index="0">
              <value>
                <![CDATA["Sort products low to high price"]]>
              </value>
            </param>
            <param index="1">
              <value>
                <![CDATA["Product sorting"]]>
              </value>
            </param>
          </params>
          <reporter-output>
          </reporter-output>
        </test-method> <!-- runScenario -->
        <test-method signature="runScenario(io.cucumber.testng.PickleWrapper,io.cucumber.testng.FeatureWrapper)[pri:0, instance:runners.TestRunner@66982506]" started-at="2025-09-08T03:50:55 IST" name="runScenario" description="Runs Cucumber Scenarios" data-provider="scenarios" finished-at="2025-09-08T03:51:01 IST" duration-ms="6083" status="PASS">
          <params>
            <param index="0">
              <value>
                <![CDATA["Sort products high to low price"]]>
              </value>
            </param>
            <param index="1">
              <value>
                <![CDATA["Product sorting"]]>
              </value>
            </param>
          </params>
          <reporter-output>
          </reporter-output>
        </test-method> <!-- runScenario -->
        <test-method is-config="true" signature="tearDownClass()[pri:0, instance:runners.TestRunner@66982506]" started-at="2025-09-08T03:51:01 IST" name="tearDownClass" finished-at="2025-09-08T03:51:01 IST" duration-ms="49" status="PASS">
          <reporter-output>
          </reporter-output>
        </test-method> <!-- tearDownClass -->
      </class> <!-- runners.TestRunner -->
    </test> <!-- Run Basic Feature -->
  </suite> <!-- Cucumber BDD Suite -->
</testng-results>
